Started GET "/" for 127.0.0.1 at 2017-10-24 09:26:01 -0400
  
ActiveRecord::PendingMigrationError (

Migrations are pending. To resolve this issue, run:

        bin/rails db:migrate RAILS_ENV=development

):
  
activerecord (5.1.4) lib/active_record/migration.rb:576:in `check_pending!'
activerecord (5.1.4) lib/active_record/migration.rb:553:in `call'
actionpack (5.1.4) lib/action_dispatch/middleware/callbacks.rb:26:in `block in call'
activesupport (5.1.4) lib/active_support/callbacks.rb:97:in `run_callbacks'
actionpack (5.1.4) lib/action_dispatch/middleware/callbacks.rb:24:in `call'
actionpack (5.1.4) lib/action_dispatch/middleware/executor.rb:12:in `call'
actionpack (5.1.4) lib/action_dispatch/middleware/debug_exceptions.rb:59:in `call'
web-console (3.5.1) lib/web_console/middleware.rb:135:in `call_app'
web-console (3.5.1) lib/web_console/middleware.rb:28:in `block in call'
web-console (3.5.1) lib/web_console/middleware.rb:18:in `catch'
web-console (3.5.1) lib/web_console/middleware.rb:18:in `call'
actionpack (5.1.4) lib/action_dispatch/middleware/show_exceptions.rb:31:in `call'
railties (5.1.4) lib/rails/rack/logger.rb:36:in `call_app'
railties (5.1.4) lib/rails/rack/logger.rb:24:in `block in call'
activesupport (5.1.4) lib/active_support/tagged_logging.rb:69:in `block in tagged'
activesupport (5.1.4) lib/active_support/tagged_logging.rb:26:in `tagged'
activesupport (5.1.4) lib/active_support/tagged_logging.rb:69:in `tagged'
railties (5.1.4) lib/rails/rack/logger.rb:24:in `call'
sprockets-rails (3.2.1) lib/sprockets/rails/quiet_assets.rb:13:in `call'
actionpack (5.1.4) lib/action_dispatch/middleware/remote_ip.rb:79:in `call'
actionpack (5.1.4) lib/action_dispatch/middleware/request_id.rb:25:in `call'
rack (2.0.3) lib/rack/method_override.rb:22:in `call'
rack (2.0.3) lib/rack/runtime.rb:22:in `call'
activesupport (5.1.4) lib/active_support/cache/strategy/local_cache_middleware.rb:27:in `call'
actionpack (5.1.4) lib/action_dispatch/middleware/executor.rb:12:in `call'
actionpack (5.1.4) lib/action_dispatch/middleware/static.rb:125:in `call'
rack (2.0.3) lib/rack/sendfile.rb:111:in `call'
railties (5.1.4) lib/rails/engine.rb:522:in `call'
puma (3.10.0) lib/puma/configuration.rb:225:in `call'
puma (3.10.0) lib/puma/server.rb:605:in `handle_request'
puma (3.10.0) lib/puma/server.rb:437:in `process_client'
puma (3.10.0) lib/puma/server.rb:301:in `block in run'
puma (3.10.0) lib/puma/thread_pool.rb:120:in `block in spawn_thread'
  [1m[35m (0.2ms)[0m  [1m[34mSELECT sqlite_version(*)[0m
  [1m[35m (2.4ms)[0m  [1m[35mCREATE TABLE "schema_migrations" ("version" varchar NOT NULL PRIMARY KEY)[0m
  [1m[35m (1.5ms)[0m  [1m[35mCREATE TABLE "ar_internal_metadata" ("key" varchar NOT NULL PRIMARY KEY, "value" varchar, "created_at" datetime NOT NULL, "updated_at" datetime NOT NULL)[0m
  [1m[35m (0.3ms)[0m  [1m[34mSELECT "schema_migrations"."version" FROM "schema_migrations" ORDER BY "schema_migrations"."version" ASC[0m
Migrating to CreateMovies (20171024031413)
  [1m[35m (0.1ms)[0m  [1m[36mbegin transaction[0m
  [1m[35m (0.6ms)[0m  [1m[35mCREATE TABLE "movies" ("id" INTEGER PRIMARY KEY AUTOINCREMENT NOT NULL, "name" varchar, "release_year" integer, "created_at" datetime NOT NULL, "updated_at" datetime NOT NULL)[0m
  [1m[35mSQL (0.2ms)[0m  [1m[32mINSERT INTO "schema_migrations" ("version") VALUES (?)[0m  [["version", "20171024031413"]]
  [1m[35m (1.1ms)[0m  [1m[36mcommit transaction[0m
  [1m[36mActiveRecord::InternalMetadata Load (0.2ms)[0m  [1m[34mSELECT  "ar_internal_metadata".* FROM "ar_internal_metadata" WHERE "ar_internal_metadata"."key" = ? LIMIT ?[0m  [["key", "environment"], ["LIMIT", 1]]
  [1m[35m (0.1ms)[0m  [1m[36mbegin transaction[0m
  [1m[35mSQL (0.4ms)[0m  [1m[32mINSERT INTO "ar_internal_metadata" ("key", "value", "created_at", "updated_at") VALUES (?, ?, ?, ?)[0m  [["key", "environment"], ["value", "development"], ["created_at", "2017-10-24 13:26:13.450783"], ["updated_at", "2017-10-24 13:26:13.450783"]]
  [1m[35m (1.0ms)[0m  [1m[36mcommit transaction[0m
  [1m[35m (0.2ms)[0m  [1m[34mSELECT "schema_migrations"."version" FROM "schema_migrations" ORDER BY "schema_migrations"."version" ASC[0m
  [1m[35m (0.7ms)[0m  [1m[34mSELECT "schema_migrations"."version" FROM "schema_migrations" ORDER BY "schema_migrations"."version" ASC[0m
  [1m[35m (0.1ms)[0m  [1m[36mbegin transaction[0m
  [1m[35mSQL (1.4ms)[0m  [1m[32mINSERT INTO "movies" ("name", "release_year", "created_at", "updated_at") VALUES (?, ?, ?, ?)[0m  [["name", "Captain Phillips"], ["release_year", 2013], ["created_at", "2017-10-24 13:26:29.055162"], ["updated_at", "2017-10-24 13:26:29.055162"]]
  [1m[35m (1.0ms)[0m  [1m[36mcommit transaction[0m
  [1m[35m (0.1ms)[0m  [1m[36mbegin transaction[0m
  [1m[35mSQL (0.4ms)[0m  [1m[32mINSERT INTO "movies" ("name", "release_year", "created_at", "updated_at") VALUES (?, ?, ?, ?)[0m  [["name", "Saving Private Ryan"], ["release_year", 1998], ["created_at", "2017-10-24 13:26:29.059851"], ["updated_at", "2017-10-24 13:26:29.059851"]]
  [1m[35m (1.0ms)[0m  [1m[36mcommit transaction[0m
  [1m[35m (0.1ms)[0m  [1m[36mbegin transaction[0m
  [1m[35mSQL (0.4ms)[0m  [1m[32mINSERT INTO "movies" ("name", "release_year", "created_at", "updated_at") VALUES (?, ?, ?, ?)[0m  [["name", "Apollo 13"], ["release_year", 1995], ["created_at", "2017-10-24 13:26:29.062920"], ["updated_at", "2017-10-24 13:26:29.062920"]]
  [1m[35m (1.0ms)[0m  [1m[36mcommit transaction[0m
  [1m[35m (0.1ms)[0m  [1m[36mbegin transaction[0m
  [1m[35mSQL (0.4ms)[0m  [1m[32mINSERT INTO "movies" ("name", "release_year", "created_at", "updated_at") VALUES (?, ?, ?, ?)[0m  [["name", "Big"], ["release_year", 1998], ["created_at", "2017-10-24 13:26:29.065989"], ["updated_at", "2017-10-24 13:26:29.065989"]]
  [1m[35m (1.1ms)[0m  [1m[36mcommit transaction[0m
  [1m[35m (0.1ms)[0m  [1m[36mbegin transaction[0m
  [1m[35mSQL (0.4ms)[0m  [1m[32mINSERT INTO "movies" ("name", "release_year", "created_at", "updated_at") VALUES (?, ?, ?, ?)[0m  [["name", "Cast Away"], ["release_year", 2000], ["created_at", "2017-10-24 13:26:29.069245"], ["updated_at", "2017-10-24 13:26:29.069245"]]
  [1m[35m (0.8ms)[0m  [1m[36mcommit transaction[0m
  [1m[35m (0.1ms)[0m  [1m[36mbegin transaction[0m
  [1m[35mSQL (0.3ms)[0m  [1m[32mINSERT INTO "movies" ("name", "release_year", "created_at", "updated_at") VALUES (?, ?, ?, ?)[0m  [["name", "Catch Me If You Can"], ["release_year", 2002], ["created_at", "2017-10-24 13:26:29.071934"], ["updated_at", "2017-10-24 13:26:29.071934"]]
  [1m[35m (1.0ms)[0m  [1m[36mcommit transaction[0m
  [1m[35m (0.1ms)[0m  [1m[36mbegin transaction[0m
  [1m[35mSQL (0.2ms)[0m  [1m[32mINSERT INTO "movies" ("name", "release_year", "created_at", "updated_at") VALUES (?, ?, ?, ?)[0m  [["name", "A League of Their Own"], ["release_year", 1992], ["created_at", "2017-10-24 13:26:29.074760"], ["updated_at", "2017-10-24 13:26:29.074760"]]
  [1m[35m (0.8ms)[0m  [1m[36mcommit transaction[0m
  [1m[35m (0.1ms)[0m  [1m[36mbegin transaction[0m
  [1m[35mSQL (0.3ms)[0m  [1m[32mINSERT INTO "movies" ("name", "release_year", "created_at", "updated_at") VALUES (?, ?, ?, ?)[0m  [["name", "Splash"], ["release_year", 1984], ["created_at", "2017-10-24 13:26:29.076837"], ["updated_at", "2017-10-24 13:26:29.076837"]]
  [1m[35m (0.8ms)[0m  [1m[36mcommit transaction[0m
  [1m[35m (0.1ms)[0m  [1m[36mbegin transaction[0m
  [1m[35mSQL (0.5ms)[0m  [1m[32mINSERT INTO "movies" ("name", "release_year", "created_at", "updated_at") VALUES (?, ?, ?, ?)[0m  [["name", "The Terminal"], ["release_year", 2004], ["created_at", "2017-10-24 13:26:29.078954"], ["updated_at", "2017-10-24 13:26:29.078954"]]
  [1m[35m (1.0ms)[0m  [1m[36mcommit transaction[0m
  [1m[35m (0.1ms)[0m  [1m[36mbegin transaction[0m
  [1m[35mSQL (0.3ms)[0m  [1m[32mINSERT INTO "movies" ("name", "release_year", "created_at", "updated_at") VALUES (?, ?, ?, ?)[0m  [["name", "Joe Versus the Volcano"], ["release_year", 1990], ["created_at", "2017-10-24 13:26:29.081730"], ["updated_at", "2017-10-24 13:26:29.081730"]]
  [1m[35m (0.6ms)[0m  [1m[36mcommit transaction[0m
  [1m[35m (0.0ms)[0m  [1m[36mbegin transaction[0m
  [1m[35mSQL (0.2ms)[0m  [1m[32mINSERT INTO "movies" ("name", "release_year", "created_at", "updated_at") VALUES (?, ?, ?, ?)[0m  [["name", "Bachelor Party"], ["release_year", 1984], ["created_at", "2017-10-24 13:26:29.083709"], ["updated_at", "2017-10-24 13:26:29.083709"]]
  [1m[35m (0.7ms)[0m  [1m[36mcommit transaction[0m
  [1m[35m (0.0ms)[0m  [1m[36mbegin transaction[0m
  [1m[35mSQL (0.3ms)[0m  [1m[32mINSERT INTO "movies" ("name", "release_year", "created_at", "updated_at") VALUES (?, ?, ?, ?)[0m  [["name", "You've Got Mail"], ["release_year", 1998], ["created_at", "2017-10-24 13:26:29.085632"], ["updated_at", "2017-10-24 13:26:29.085632"]]
  [1m[35m (0.8ms)[0m  [1m[36mcommit transaction[0m
Started GET "/" for 127.0.0.1 at 2017-10-24 09:26:36 -0400
  [1m[35m (0.4ms)[0m  [1m[34mSELECT "schema_migrations"."version" FROM "schema_migrations" ORDER BY "schema_migrations"."version" ASC[0m
Processing by HomeController#index as HTML
  Rendering home/index.html.erb within layouts/application
  [1m[36mMovie Load (0.5ms)[0m  [1m[34mSELECT "movies".* FROM "movies"[0m
  Rendered collection of home/_movie.html.erb [12 times] (0.9ms)
  [1m[36mMovie Load (0.2ms)[0m  [1m[34mSELECT "movies".* FROM "movies" WHERE (release_year < 1995)[0m
  Rendered collection of home/_movie.html.erb [4 times] (0.1ms)
  Rendered home/index.html.erb within layouts/application (1071.7ms)
Completed 200 OK in 1145ms (Views: 1116.4ms | ActiveRecord: 2.1ms)


Started GET "/" for 127.0.0.1 at 2017-10-24 09:26:49 -0400
Processing by HomeController#index as HTML
  Rendering home/index.html.erb within layouts/application
  Rendered home/index.html.erb within layouts/application (1.6ms)
Completed 500 Internal Server Error in 13ms (ActiveRecord: 0.0ms)


  
SyntaxError (/Users/developer/Desktop/wyncode/dev/lectures/rails-views/app-views-2/rails-views/app/views/home/index.html.erb:3: syntax error, unexpected tIDENTIFIER, expecting ')'
d=( image_tag 'toy_story' size:50 );@output_buffer.safe_appe
                              ^):
  
app/views/home/index.html.erb:3: syntax error, unexpected tIDENTIFIER, expecting ')'
Started GET "/" for 127.0.0.1 at 2017-10-24 09:26:54 -0400
Processing by HomeController#index as HTML
  Rendering home/index.html.erb within layouts/application
  Rendered home/index.html.erb within layouts/application (1.2ms)
Completed 500 Internal Server Error in 11ms (ActiveRecord: 0.0ms)


  
SyntaxError (/Users/developer/Desktop/wyncode/dev/lectures/rails-views/app-views-2/rails-views/app/views/home/index.html.erb:3: syntax error, unexpected tIDENTIFIER, expecting ')'
d=( image_tag 'toy_story' size:'50' );@output_buffer.safe_ap
                              ^):
  
app/views/home/index.html.erb:3: syntax error, unexpected tIDENTIFIER, expecting ')'
Started GET "/" for 127.0.0.1 at 2017-10-24 09:27:02 -0400
Processing by HomeController#index as HTML
  Rendering home/index.html.erb within layouts/application
  [1m[36mMovie Load (0.5ms)[0m  [1m[34mSELECT "movies".* FROM "movies"[0m
  Rendered collection of home/_movie.html.erb [12 times] (0.7ms)
  [1m[36mMovie Load (0.2ms)[0m  [1m[34mSELECT "movies".* FROM "movies" WHERE (release_year < 1995)[0m
  Rendered collection of home/_movie.html.erb [4 times] (0.1ms)
  Rendered home/index.html.erb within layouts/application (11.1ms)
Completed 200 OK in 44ms (Views: 40.0ms | ActiveRecord: 0.7ms)


Started GET "/" for 127.0.0.1 at 2017-10-24 09:27:06 -0400
Processing by HomeController#index as HTML
  Rendering home/index.html.erb within layouts/application
  [1m[36mMovie Load (0.3ms)[0m  [1m[34mSELECT "movies".* FROM "movies"[0m
  Rendered collection of home/_movie.html.erb [12 times] (0.7ms)
  [1m[36mMovie Load (0.2ms)[0m  [1m[34mSELECT "movies".* FROM "movies" WHERE (release_year < 1995)[0m
  Rendered collection of home/_movie.html.erb [4 times] (0.1ms)
  Rendered home/index.html.erb within layouts/application (9.3ms)
Completed 200 OK in 34ms (Views: 29.9ms | ActiveRecord: 0.5ms)


Started GET "/" for 127.0.0.1 at 2017-10-24 09:30:05 -0400
Processing by HomeController#index as HTML
  Rendering home/index.html.erb within layouts/application
  [1m[36mMovie Load (1.7ms)[0m  [1m[34mSELECT "movies".* FROM "movies"[0m
  Rendered collection of home/_movie.html.erb [12 times] (1.7ms)
  [1m[36mMovie Load (0.3ms)[0m  [1m[34mSELECT "movies".* FROM "movies" WHERE (release_year < 1995)[0m
  Rendered collection of home/_movie.html.erb [4 times] (0.2ms)
  Rendered home/index.html.erb within layouts/application (40.1ms)
Completed 200 OK in 126ms (Views: 100.7ms | ActiveRecord: 2.1ms)


Started GET "/" for 127.0.0.1 at 2017-10-24 09:30:11 -0400
Processing by HomeController#index as HTML
  Rendering home/index.html.erb within layouts/application
  [1m[36mMovie Load (0.3ms)[0m  [1m[34mSELECT "movies".* FROM "movies"[0m
  Rendered collection of home/_movie.html.erb [12 times] (0.8ms)
  [1m[36mMovie Load (0.2ms)[0m  [1m[34mSELECT "movies".* FROM "movies" WHERE (release_year < 1995)[0m
  Rendered collection of home/_movie.html.erb [4 times] (0.1ms)
  Rendered home/index.html.erb within layouts/application (8.8ms)
Completed 200 OK in 83ms (Views: 32.0ms | ActiveRecord: 0.5ms)


Started GET "/" for 127.0.0.1 at 2017-10-24 09:37:24 -0400
Processing by HomeController#index as HTML
  Rendering home/index.html.erb within layouts/application
  [1m[36mMovie Load (1.8ms)[0m  [1m[34mSELECT "movies".* FROM "movies"[0m
  Rendered collection of home/_movie.html.erb [12 times] (1.8ms)
  [1m[36mMovie Load (0.3ms)[0m  [1m[34mSELECT "movies".* FROM "movies" WHERE (release_year < 1995)[0m
  Rendered collection of home/_movie.html.erb [4 times] (0.2ms)
  Rendered home/index.html.erb within layouts/application (39.3ms)
Completed 200 OK in 111ms (Views: 93.3ms | ActiveRecord: 2.1ms)


Started GET "/" for 127.0.0.1 at 2017-10-24 09:37:29 -0400
Processing by HomeController#index as HTML
  Rendering home/index.html.erb within layouts/application
  [1m[36mMovie Load (0.5ms)[0m  [1m[34mSELECT "movies".* FROM "movies"[0m
  Rendered collection of home/_movie.html.erb [12 times] (0.9ms)
  [1m[36mMovie Load (0.3ms)[0m  [1m[34mSELECT "movies".* FROM "movies" WHERE (release_year < 1995)[0m
  Rendered collection of home/_movie.html.erb [4 times] (0.3ms)
  Rendered home/index.html.erb within layouts/application (12.0ms)
Completed 200 OK in 44ms (Views: 38.3ms | ActiveRecord: 0.7ms)


Started GET "/" for 127.0.0.1 at 2017-10-24 09:38:50 -0400
Processing by HomeController#index as HTML
  Rendering home/index.html.erb within layouts/application
  [1m[36mMovie Load (1.0ms)[0m  [1m[34mSELECT "movies".* FROM "movies"[0m
  Rendered collection of home/_movie.html.erb [12 times] (1.8ms)
  [1m[36mMovie Load (0.2ms)[0m  [1m[34mSELECT "movies".* FROM "movies" WHERE (release_year < 1995)[0m
  Rendered collection of home/_movie.html.erb [4 times] (0.1ms)
  Rendered home/index.html.erb within layouts/application (32.0ms)
Completed 200 OK in 102ms (Views: 83.1ms | ActiveRecord: 1.3ms)


Started GET "/" for 127.0.0.1 at 2017-10-24 10:12:51 -0400
  [1m[35m (0.7ms)[0m  [1m[34mSELECT "schema_migrations"."version" FROM "schema_migrations" ORDER BY "schema_migrations"."version" ASC[0m
Processing by HomeController#index as HTML
  Rendering home/index.html.erb within layouts/application
  [1m[36mMovie Load (0.7ms)[0m  [1m[34mSELECT "movies".* FROM "movies"[0m
  Rendered collection of home/_movie.html.erb [12 times] (0.9ms)
  [1m[36mMovie Load (0.3ms)[0m  [1m[34mSELECT "movies".* FROM "movies" WHERE (release_year < 1995)[0m
  Rendered collection of home/_movie.html.erb [4 times] (0.2ms)
  Rendered home/index.html.erb within layouts/application (311.3ms)
Completed 200 OK in 417ms (Views: 385.4ms | ActiveRecord: 4.2ms)


Started GET "/" for 127.0.0.1 at 2017-10-24 10:20:06 -0400
Processing by HomeController#index as HTML
  Rendering home/index.html.erb within layouts/application
  [1m[36mMovie Load (3.9ms)[0m  [1m[34mSELECT "movies".* FROM "movies"[0m
  Rendered collection of home/_movie.html.erb [12 times] (16.4ms)
  [1m[36mMovie Load (1.7ms)[0m  [1m[34mSELECT "movies".* FROM "movies" WHERE (release_year < 1995)[0m
  Rendered collection of home/_movie.html.erb [4 times] (0.2ms)
  Rendered home/index.html.erb within layouts/application (182.3ms)
Completed 200 OK in 299ms (Views: 268.4ms | ActiveRecord: 5.6ms)


Started GET "/" for 127.0.0.1 at 2017-10-24 10:20:17 -0400
Processing by HomeController#index as HTML
  Rendering home/index.html.erb within layouts/application
  [1m[36mMovie Load (1.1ms)[0m  [1m[34mSELECT "movies".* FROM "movies"[0m
  Rendered collection of home/_movie.html.erb [12 times] (3.1ms)
  [1m[36mMovie Load (0.4ms)[0m  [1m[34mSELECT "movies".* FROM "movies" WHERE (release_year < 1995)[0m
  Rendered collection of home/_movie.html.erb [4 times] (0.2ms)
  Rendered home/index.html.erb within layouts/application (51.5ms)
Completed 200 OK in 120ms (Views: 100.5ms | ActiveRecord: 1.5ms)


Started GET "/" for 127.0.0.1 at 2017-10-24 10:20:28 -0400
Processing by HomeController#index as HTML
  Rendering home/index.html.erb within layouts/application
  [1m[36mMovie Load (1.3ms)[0m  [1m[34mSELECT "movies".* FROM "movies"[0m
  Rendered collection of home/_movie.html.erb [12 times] (2.3ms)
  [1m[36mMovie Load (0.4ms)[0m  [1m[34mSELECT "movies".* FROM "movies" WHERE (release_year < 1995)[0m
  Rendered collection of home/_movie.html.erb [4 times] (0.5ms)
  Rendered home/index.html.erb within layouts/application (37.5ms)
Completed 200 OK in 130ms (Views: 112.9ms | ActiveRecord: 1.7ms)


Started GET "/" for 127.0.0.1 at 2017-10-24 11:33:02 -0400
Processing by HomeController#index as HTML
  Rendering home/index.html.erb within layouts/application
  [1m[36mMovie Load (6.0ms)[0m  [1m[34mSELECT "movies".* FROM "movies"[0m
  Rendered collection of home/_movie.html.erb [12 times] (27.2ms)
  [1m[36mMovie Load (0.3ms)[0m  [1m[34mSELECT "movies".* FROM "movies" WHERE (release_year < 1995)[0m
  Rendered collection of home/_movie.html.erb [4 times] (1.5ms)
  Rendered home/index.html.erb within layouts/application (248.1ms)
Completed 200 OK in 667ms (Views: 528.6ms | ActiveRecord: 6.3ms)


Started GET "/" for 127.0.0.1 at 2017-10-24 12:11:07 -0400
Processing by HomeController#index as HTML
  Rendering home/index.html.erb within layouts/application
  [1m[36mMovie Load (3.5ms)[0m  [1m[34mSELECT "movies".* FROM "movies"[0m
  Rendered collection of home/_movie.html.erb [12 times] (39.7ms)
  [1m[36mMovie Load (0.5ms)[0m  [1m[34mSELECT "movies".* FROM "movies" WHERE (release_year < 1995)[0m
  Rendered collection of home/_movie.html.erb [4 times] (7.1ms)
  Rendered home/index.html.erb within layouts/application (328.6ms)
Completed 200 OK in 935ms (Views: 805.4ms | ActiveRecord: 4.0ms)


Started GET "/" for 127.0.0.1 at 2017-10-24 12:14:16 -0400
Processing by HomeController#index as HTML
  Rendering home/index.html.erb within layouts/application
  [1m[36mMovie Load (12.6ms)[0m  [1m[34mSELECT "movies".* FROM "movies"[0m
  Rendered collection of home/_movie.html.erb [12 times] (64.4ms)
  [1m[36mMovie Load (0.8ms)[0m  [1m[34mSELECT "movies".* FROM "movies" WHERE (release_year < 1995)[0m
  Rendered collection of home/_movie.html.erb [4 times] (3.5ms)
  Rendered home/index.html.erb within layouts/application (239.5ms)
Completed 200 OK in 1040ms (Views: 952.2ms | ActiveRecord: 13.4ms)


Started GET "/" for 127.0.0.1 at 2017-10-24 12:21:01 -0400
Processing by HomeController#index as HTML
  Rendering home/index.html.erb within layouts/application
  [1m[36mMovie Load (2.0ms)[0m  [1m[34mSELECT "movies".* FROM "movies"[0m
  Rendered collection of home/_movie.html.erb [12 times] (27.3ms)
  [1m[36mMovie Load (0.5ms)[0m  [1m[34mSELECT "movies".* FROM "movies" WHERE (release_year < 1995)[0m
  Rendered collection of home/_movie.html.erb [4 times] (19.6ms)
  Rendered home/index.html.erb within layouts/application (428.6ms)
Completed 200 OK in 802ms (Views: 660.1ms | ActiveRecord: 2.5ms)


Started GET "/" for 127.0.0.1 at 2017-10-24 12:23:51 -0400
Processing by HomeController#index as HTML
  Rendering home/index.html.erb within layouts/application
  [1m[36mMovie Load (4.6ms)[0m  [1m[34mSELECT "movies".* FROM "movies"[0m
  Rendered collection of home/_movie.html.erb [12 times] (33.5ms)
  [1m[36mMovie Load (0.5ms)[0m  [1m[34mSELECT "movies".* FROM "movies" WHERE (release_year < 1995)[0m
  Rendered collection of home/_movie.html.erb [4 times] (0.3ms)
  Rendered home/index.html.erb within layouts/application (144.2ms)
Completed 200 OK in 739ms (Views: 698.6ms | ActiveRecord: 5.1ms)


Started GET "/" for 127.0.0.1 at 2017-10-24 12:24:03 -0400
Processing by HomeController#index as HTML
  Rendering home/index.html.erb within layouts/application
  [1m[36mMovie Load (6.2ms)[0m  [1m[34mSELECT "movies".* FROM "movies"[0m
  Rendered collection of home/_movie.html.erb [12 times] (18.6ms)
  [1m[36mMovie Load (1.5ms)[0m  [1m[34mSELECT "movies".* FROM "movies" WHERE (release_year < 1995)[0m
  Rendered collection of home/_movie.html.erb [4 times] (0.5ms)
  Rendered home/index.html.erb within layouts/application (97.4ms)
Completed 200 OK in 542ms (Views: 466.7ms | ActiveRecord: 7.7ms)


Started GET "/" for 127.0.0.1 at 2017-10-24 12:25:10 -0400
Processing by HomeController#index as HTML
  Rendering home/index.html.erb within layouts/application
  [1m[36mMovie Load (1.5ms)[0m  [1m[34mSELECT "movies".* FROM "movies"[0m
  Rendered collection of home/_movie.html.erb [12 times] (12.4ms)
  [1m[36mMovie Load (0.4ms)[0m  [1m[34mSELECT "movies".* FROM "movies" WHERE (release_year < 1995)[0m
  Rendered collection of home/_movie.html.erb [4 times] (0.2ms)
  Rendered home/index.html.erb within layouts/application (80.6ms)
Completed 200 OK in 284ms (Views: 252.7ms | ActiveRecord: 1.9ms)


Started GET "/" for 127.0.0.1 at 2017-10-24 12:25:21 -0400
Processing by HomeController#index as HTML
  Rendering home/index.html.erb within layouts/application
  [1m[36mMovie Load (0.6ms)[0m  [1m[34mSELECT "movies".* FROM "movies"[0m
  Rendered collection of home/_movie.html.erb [12 times] (4.7ms)
  [1m[36mMovie Load (0.5ms)[0m  [1m[34mSELECT "movies".* FROM "movies" WHERE (release_year < 1995)[0m
  Rendered collection of home/_movie.html.erb [4 times] (0.3ms)
  Rendered home/index.html.erb within layouts/application (20.7ms)
Completed 200 OK in 235ms (Views: 227.1ms | ActiveRecord: 1.0ms)


Started GET "/" for 127.0.0.1 at 2017-10-24 12:27:32 -0400
Processing by HomeController#index as HTML
  Rendering home/index.html.erb within layouts/application
  [1m[36mMovie Load (1.9ms)[0m  [1m[34mSELECT "movies".* FROM "movies"[0m
  Rendered collection of home/_movie.html.erb [12 times] (8.5ms)
  [1m[36mMovie Load (0.3ms)[0m  [1m[34mSELECT "movies".* FROM "movies" WHERE (release_year < 1995)[0m
  Rendered collection of home/_movie.html.erb [4 times] (0.3ms)
  Rendered home/index.html.erb within layouts/application (66.7ms)
Completed 200 OK in 202ms (Views: 166.5ms | ActiveRecord: 2.2ms)


Started GET "/" for 127.0.0.1 at 2017-10-24 12:34:00 -0400
Processing by HomeController#index as HTML
  Rendering home/index.html.erb within layouts/application
  [1m[36mMovie Load (2.3ms)[0m  [1m[34mSELECT  "movies".* FROM "movies" LIMIT ?[0m  [["LIMIT", 11]]
  [1m[36mMovie Load (0.4ms)[0m  [1m[34mSELECT "movies".* FROM "movies"[0m
  Rendered collection of home/_movie.html.erb [12 times] (5.3ms)
  [1m[36mMovie Load (0.5ms)[0m  [1m[34mSELECT "movies".* FROM "movies" WHERE (release_year < 1995)[0m
  Rendered collection of home/_movie.html.erb [4 times] (1.9ms)
  Rendered home/index.html.erb within layouts/application (83.7ms)
Completed 200 OK in 224ms (Views: 195.6ms | ActiveRecord: 3.2ms)


Started GET "/" for 127.0.0.1 at 2017-10-24 12:36:26 -0400
Processing by HomeController#index as HTML
  Rendering home/index.html.erb within layouts/application
  [1m[36mMovie Load (1.7ms)[0m  [1m[34mSELECT "movies".* FROM "movies"[0m
  Rendered collection of home/_movie.html.erb [12 times] (13.1ms)
  [1m[36mMovie Load (1.9ms)[0m  [1m[34mSELECT "movies".* FROM "movies" WHERE (release_year < 1995)[0m
  Rendered collection of home/_movie.html.erb [4 times] (2.4ms)
  Rendered home/index.html.erb within layouts/application (69.4ms)
Completed 200 OK in 252ms (Views: 224.9ms | ActiveRecord: 3.5ms)


Started GET "/" for 127.0.0.1 at 2017-10-24 12:40:44 -0400
Processing by HomeController#index as HTML
  Rendering home/index.html.erb within layouts/application
  [1m[36mMovie Load (2.8ms)[0m  [1m[34mSELECT "movies".* FROM "movies"[0m
  Rendered collection of home/_movie.html.erb [12 times] (2.8ms)
  [1m[36mMovie Load (0.4ms)[0m  [1m[34mSELECT "movies".* FROM "movies" WHERE (release_year < 1995)[0m
  Rendered collection of home/_movie.html.erb [4 times] (0.2ms)
  Rendered home/index.html.erb within layouts/application (123.3ms)
Completed 200 OK in 219ms (Views: 190.4ms | ActiveRecord: 3.3ms)


Started GET "/" for 127.0.0.1 at 2017-10-24 12:40:53 -0400
Processing by HomeController#index as HTML
  Rendering home/index.html.erb within layouts/application
  [1m[36mMovie Load (0.5ms)[0m  [1m[34mSELECT "movies".* FROM "movies"[0m
  Rendered collection of home/_movie.html.erb [12 times] (3.3ms)
  [1m[36mMovie Load (0.7ms)[0m  [1m[34mSELECT "movies".* FROM "movies" WHERE (release_year < 1995)[0m
  Rendered collection of home/_movie.html.erb [4 times] (0.5ms)
  Rendered home/index.html.erb within layouts/application (22.7ms)
Completed 200 OK in 85ms (Views: 78.1ms | ActiveRecord: 1.1ms)


Started GET "/" for 127.0.0.1 at 2017-10-24 12:42:08 -0400
Processing by HomeController#index as HTML
  Rendering home/index.html.erb within layouts/application
  [1m[36mMovie Load (5.0ms)[0m  [1m[34mSELECT "movies".* FROM "movies"[0m
  Rendered collection of home/_movie.html.erb [12 times] (2.4ms)
  [1m[36mMovie Load (0.3ms)[0m  [1m[34mSELECT "movies".* FROM "movies" WHERE (release_year < 1995)[0m
  Rendered collection of home/_movie.html.erb [4 times] (0.5ms)
  Rendered home/index.html.erb within layouts/application (158.4ms)
Completed 200 OK in 265ms (Views: 220.8ms | ActiveRecord: 5.3ms)


Started GET "/" for 127.0.0.1 at 2017-10-24 12:42:12 -0400
Processing by HomeController#index as HTML
  Rendering home/index.html.erb within layouts/application
  [1m[36mMovie Load (0.3ms)[0m  [1m[34mSELECT "movies".* FROM "movies"[0m
  Rendered collection of home/_movie.html.erb [12 times] (7.1ms)
  [1m[36mMovie Load (0.5ms)[0m  [1m[34mSELECT "movies".* FROM "movies" WHERE (release_year < 1995)[0m
  Rendered collection of home/_movie.html.erb [4 times] (0.4ms)
  Rendered home/index.html.erb within layouts/application (34.8ms)
Completed 200 OK in 75ms (Views: 67.1ms | ActiveRecord: 0.8ms)


Started GET "/" for 127.0.0.1 at 2017-10-24 12:43:16 -0400
Processing by HomeController#index as HTML
  Rendering home/index.html.erb within layouts/application
  [1m[36mMovie Load (2.6ms)[0m  [1m[34mSELECT "movies".* FROM "movies"[0m
  Rendered collection of home/_movie.html.erb [12 times] (8.3ms)
  [1m[36mMovie Load (0.5ms)[0m  [1m[34mSELECT "movies".* FROM "movies" WHERE (release_year < 1995)[0m
  Rendered collection of home/_movie.html.erb [4 times] (1.2ms)
  Rendered home/index.html.erb within layouts/application (76.8ms)
Completed 200 OK in 206ms (Views: 185.2ms | ActiveRecord: 3.1ms)


Started GET "/" for 127.0.0.1 at 2017-10-24 12:51:48 -0400
Processing by HomeController#index as HTML
  Rendering home/index.html.erb within layouts/application
  [1m[36mMovie Load (4.8ms)[0m  [1m[34mSELECT "movies".* FROM "movies"[0m
  Rendered collection of home/_movie.html.erb [12 times] (3.4ms)
  [1m[36mMovie Load (1.0ms)[0m  [1m[34mSELECT "movies".* FROM "movies" WHERE (release_year < 1995)[0m
  Rendered collection of home/_movie.html.erb [4 times] (0.3ms)
  Rendered home/index.html.erb within layouts/application (76.3ms)
Completed 200 OK in 163ms (Views: 133.7ms | ActiveRecord: 5.9ms)


Started GET "/" for 127.0.0.1 at 2017-10-24 12:51:58 -0400
Processing by HomeController#index as HTML
  Rendering home/index.html.erb within layouts/application
  [1m[36mMovie Load (1.1ms)[0m  [1m[34mSELECT "movies".* FROM "movies"[0m
  Rendered collection of home/_movie.html.erb [12 times] (9.4ms)
  [1m[36mMovie Load (0.2ms)[0m  [1m[34mSELECT "movies".* FROM "movies" WHERE (release_year < 1995)[0m
  Rendered collection of home/_movie.html.erb [4 times] (0.3ms)
  Rendered home/index.html.erb within layouts/application (40.9ms)
Completed 200 OK in 122ms (Views: 99.0ms | ActiveRecord: 1.3ms)


Started GET "/" for 127.0.0.1 at 2017-10-24 12:52:00 -0400
Processing by HomeController#index as HTML
  Rendering home/index.html.erb within layouts/application
  [1m[36mMovie Load (0.4ms)[0m  [1m[34mSELECT "movies".* FROM "movies"[0m
  Rendered collection of home/_movie.html.erb [12 times] (6.8ms)
  [1m[36mMovie Load (0.3ms)[0m  [1m[34mSELECT "movies".* FROM "movies" WHERE (release_year < 1995)[0m
  Rendered collection of home/_movie.html.erb [4 times] (0.3ms)
  Rendered home/index.html.erb within layouts/application (22.9ms)
Completed 200 OK in 73ms (Views: 67.1ms | ActiveRecord: 0.7ms)


Started GET "/" for 127.0.0.1 at 2017-10-24 12:54:00 -0400
Processing by HomeController#index as HTML
  Rendering home/index.html.erb within layouts/application
  [1m[36mMovie Load (5.5ms)[0m  [1m[34mSELECT "movies".* FROM "movies"[0m
  Rendered collection of home/_movie.html.erb [12 times] (4.4ms)
  [1m[36mMovie Load (0.3ms)[0m  [1m[34mSELECT "movies".* FROM "movies" WHERE (release_year < 1995)[0m
  Rendered collection of home/_movie.html.erb [4 times] (0.9ms)
  Rendered home/index.html.erb within layouts/application (68.6ms)
Completed 200 OK in 197ms (Views: 167.8ms | ActiveRecord: 5.8ms)


Started GET "/" for 127.0.0.1 at 2017-10-24 12:56:07 -0400
Processing by HomeController#index as HTML
  Rendering home/index.html.erb within layouts/application
  [1m[36mMovie Load (1.6ms)[0m  [1m[34mSELECT "movies".* FROM "movies"[0m
  Rendered collection of home/_movie.html.erb [12 times] (8.5ms)
  [1m[36mMovie Load (0.5ms)[0m  [1m[34mSELECT "movies".* FROM "movies" WHERE (release_year < 1995)[0m
  Rendered collection of home/_movie.html.erb [4 times] (0.5ms)
  Rendered home/index.html.erb within layouts/application (130.1ms)
Completed 200 OK in 355ms (Views: 309.4ms | ActiveRecord: 2.1ms)


Started GET "/" for 127.0.0.1 at 2017-10-24 12:57:07 -0400
Processing by HomeController#index as HTML
  Rendering home/index.html.erb within layouts/application
  [1m[36mMovie Load (2.2ms)[0m  [1m[34mSELECT "movies".* FROM "movies"[0m
  Rendered collection of home/_movie.html.erb [12 times] (6.0ms)
  [1m[36mMovie Load (0.4ms)[0m  [1m[34mSELECT "movies".* FROM "movies" WHERE (release_year < 1995)[0m
  Rendered collection of home/_movie.html.erb [4 times] (0.2ms)
  Rendered home/index.html.erb within layouts/application (59.2ms)
Completed 200 OK in 143ms (Views: 118.3ms | ActiveRecord: 2.7ms)


Started GET "/" for 127.0.0.1 at 2017-10-24 12:58:20 -0400
Processing by HomeController#index as HTML
  Rendering home/index.html.erb within layouts/application
  [1m[36mMovie Load (3.4ms)[0m  [1m[34mSELECT "movies".* FROM "movies"[0m
  Rendered collection of home/_movie.html.erb [12 times] (14.6ms)
  [1m[36mMovie Load (0.3ms)[0m  [1m[34mSELECT "movies".* FROM "movies" WHERE (release_year < 1995)[0m
  Rendered collection of home/_movie.html.erb [4 times] (0.2ms)
  Rendered home/index.html.erb within layouts/application (69.1ms)
Completed 200 OK in 161ms (Views: 135.1ms | ActiveRecord: 3.6ms)


Started GET "/" for 127.0.0.1 at 2017-10-24 12:58:57 -0400
Processing by HomeController#index as HTML
  Rendering home/index.html.erb within layouts/application
  [1m[36mMovie Load (1.6ms)[0m  [1m[34mSELECT "movies".* FROM "movies"[0m
  Rendered collection of home/_movie.html.erb [12 times] (7.9ms)
  [1m[36mMovie Load (1.9ms)[0m  [1m[34mSELECT "movies".* FROM "movies" WHERE (release_year < 1995)[0m
  Rendered collection of home/_movie.html.erb [4 times] (0.4ms)
  Rendered home/index.html.erb within layouts/application (119.5ms)
Completed 200 OK in 203ms (Views: 154.0ms | ActiveRecord: 3.5ms)


Started GET "/" for 127.0.0.1 at 2017-10-24 12:59:01 -0400
Processing by HomeController#index as HTML
  Rendering home/index.html.erb within layouts/application
  [1m[36mMovie Load (0.4ms)[0m  [1m[34mSELECT "movies".* FROM "movies"[0m
  Rendered collection of home/_movie.html.erb [12 times] (1.7ms)
  [1m[36mMovie Load (0.3ms)[0m  [1m[34mSELECT "movies".* FROM "movies" WHERE (release_year < 1995)[0m
  Rendered collection of home/_movie.html.erb [4 times] (0.3ms)
  Rendered home/index.html.erb within layouts/application (50.0ms)
Completed 200 OK in 74ms (Views: 69.4ms | ActiveRecord: 0.7ms)


Started GET "/" for 127.0.0.1 at 2017-10-24 14:10:15 -0400
  [1m[35m (1.2ms)[0m  [1m[34mSELECT "schema_migrations"."version" FROM "schema_migrations" ORDER BY "schema_migrations"."version" ASC[0m
Processing by HomeController#index as HTML
  Rendering home/index.html.erb within layouts/application
  [1m[36mMovie Load (0.8ms)[0m  [1m[34mSELECT "movies".* FROM "movies"[0m
  Rendered collection of home/_movie.html.erb [12 times] (4.3ms)
  [1m[36mMovie Load (6.1ms)[0m  [1m[34mSELECT "movies".* FROM "movies" WHERE (release_year < 1995)[0m
  Rendered collection of home/_movie.html.erb [4 times] (1.1ms)
  Rendered home/index.html.erb within layouts/application (108.0ms)
Completed 200 OK in 1044ms (Views: 973.5ms | ActiveRecord: 8.4ms)


Started GET "/" for 127.0.0.1 at 2017-10-24 14:13:33 -0400
Processing by HomeController#index as HTML
  Rendering home/index.html.erb within layouts/application
  [1m[36mMovie Load (0.9ms)[0m  [1m[34mSELECT "movies".* FROM "movies"[0m
  Rendered collection of home/_movie.html.erb [12 times] (2.9ms)
  [1m[36mMovie Load (0.2ms)[0m  [1m[34mSELECT "movies".* FROM "movies" WHERE (release_year < 1995)[0m
  Rendered collection of home/_movie.html.erb [4 times] (0.4ms)
  Rendered home/index.html.erb within layouts/application (34.8ms)
Completed 200 OK in 116ms (Views: 86.0ms | ActiveRecord: 2.9ms)


Started GET "/" for 127.0.0.1 at 2017-10-24 14:15:16 -0400
Processing by HomeController#index as HTML
  Rendering home/index.html.erb within layouts/application
  [1m[36mMovie Load (3.1ms)[0m  [1m[34mSELECT "movies".* FROM "movies"[0m
  Rendered collection of home/_movie.html.erb [12 times] (7.5ms)
  [1m[36mMovie Load (0.7ms)[0m  [1m[34mSELECT "movies".* FROM "movies" WHERE (release_year < 1995)[0m
  Rendered collection of home/_movie.html.erb [4 times] (2.0ms)
  Rendered home/index.html.erb within layouts/application (127.4ms)
Completed 200 OK in 238ms (Views: 167.4ms | ActiveRecord: 3.8ms)


Started GET "/" for 127.0.0.1 at 2017-10-24 14:18:26 -0400
Processing by HomeController#index as HTML
  Rendering home/index.html.erb within layouts/application
  [1m[36mMovie Load (4.0ms)[0m  [1m[34mSELECT "movies".* FROM "movies"[0m
  Rendered collection of home/_movie.html.erb [12 times] (4.7ms)
  [1m[36mMovie Load (0.3ms)[0m  [1m[34mSELECT "movies".* FROM "movies" WHERE (release_year < 1995)[0m
  Rendered collection of home/_movie.html.erb [4 times] (0.3ms)
  Rendered home/index.html.erb within layouts/application (63.3ms)
Completed 200 OK in 209ms (Views: 175.1ms | ActiveRecord: 4.3ms)


  [1m[36mMovie Load (3.7ms)[0m  [1m[34mSELECT  "movies".* FROM "movies" LIMIT ?[0m  [["LIMIT", 11]]
  [1m[36mMovie Load (6.3ms)[0m  [1m[34mSELECT  "movies".* FROM "movies" LIMIT ?[0m  [["LIMIT", 11]]
  [1m[36mMovie Load (0.2ms)[0m  [1m[34mSELECT  "movies".* FROM "movies" LIMIT ?[0m  [["LIMIT", 11]]
Started GET "/" for 127.0.0.1 at 2017-10-24 14:42:05 -0400
Processing by HomeController#index as HTML
  Rendering home/index.html.erb within layouts/application
  [1m[36mMovie Load (0.9ms)[0m  [1m[34mSELECT "movies".* FROM "movies"[0m
  Rendered collection of home/_movie.html.erb [12 times] (41.1ms)
  [1m[36mMovie Load (0.4ms)[0m  [1m[34mSELECT "movies".* FROM "movies" WHERE (release_year < 1995)[0m
  Rendered collection of home/_movie.html.erb [4 times] (6.3ms)
  Rendered home/index.html.erb within layouts/application (227.3ms)
Completed 200 OK in 719ms (Views: 649.9ms | ActiveRecord: 5.3ms)


Started GET "/" for 127.0.0.1 at 2017-10-24 14:44:24 -0400
Processing by HomeController#index as HTML
  Rendering home/index.html.erb within layouts/application
  [1m[36mMovie Load (10.7ms)[0m  [1m[34mSELECT "movies".* FROM "movies"[0m
  Rendered collection of home/_movie.html.erb [12 times] (275.8ms)
  [1m[36mMovie Load (5.1ms)[0m  [1m[34mSELECT "movies".* FROM "movies" WHERE (release_year < 1995)[0m
  Rendered collection of home/_movie.html.erb [4 times] (34.9ms)
  Rendered home/index.html.erb within layouts/application (471.9ms)
Completed 200 OK in 1496ms (Views: 1346.1ms | ActiveRecord: 15.9ms)


Started GET "/" for 127.0.0.1 at 2017-10-24 14:44:46 -0400
Processing by HomeController#index as HTML
  Rendering home/index.html.erb within layouts/application
  [1m[36mMovie Load (6.0ms)[0m  [1m[34mSELECT "movies".* FROM "movies"[0m
  Rendered collection of home/_movie.html.erb [12 times] (54.2ms)
  [1m[36mMovie Load (0.4ms)[0m  [1m[34mSELECT "movies".* FROM "movies" WHERE (release_year < 1995)[0m
  Rendered collection of home/_movie.html.erb [4 times] (17.0ms)
  Rendered home/index.html.erb within layouts/application (237.0ms)
Completed 200 OK in 652ms (Views: 419.4ms | ActiveRecord: 6.4ms)


Started GET "/" for 127.0.0.1 at 2017-10-24 14:58:02 -0400
Processing by HomeController#index as HTML
  Rendering home/index.html.erb within layouts/application
  [1m[36mMovie Load (4.9ms)[0m  [1m[34mSELECT "movies".* FROM "movies"[0m
  Rendered collection of home/_movie.html.erb [12 times] (285.1ms)
  [1m[36mMovie Load (0.6ms)[0m  [1m[34mSELECT "movies".* FROM "movies" WHERE (release_year < 1995)[0m
  Rendered collection of home/_movie.html.erb [4 times] (5.0ms)
  Rendered home/index.html.erb within layouts/application (459.4ms)
Completed 200 OK in 706ms (Views: 615.3ms | ActiveRecord: 5.5ms)


Started GET "/" for 127.0.0.1 at 2017-10-24 14:58:32 -0400
Processing by HomeController#index as HTML
  Rendering home/index.html.erb within layouts/application
  [1m[36mMovie Load (4.0ms)[0m  [1m[34mSELECT "movies".* FROM "movies"[0m
  Rendered collection of home/_movie.html.erb [12 times] (124.2ms)
  [1m[36mMovie Load (2.1ms)[0m  [1m[34mSELECT "movies".* FROM "movies" WHERE (release_year < 1995)[0m
  Rendered collection of home/_movie.html.erb [4 times] (10.8ms)
  Rendered home/index.html.erb within layouts/application (241.7ms)
Completed 200 OK in 888ms (Views: 747.3ms | ActiveRecord: 6.0ms)


Started GET "/" for 127.0.0.1 at 2017-10-24 14:59:16 -0400
Processing by HomeController#index as HTML
  Rendering home/index.html.erb within layouts/application
  [1m[36mMovie Load (2.9ms)[0m  [1m[34mSELECT "movies".* FROM "movies"[0m
  Rendered collection of home/_movie.html.erb [12 times] (93.9ms)
  [1m[36mMovie Load (0.7ms)[0m  [1m[34mSELECT "movies".* FROM "movies" WHERE (release_year < 1995)[0m
  Rendered collection of home/_movie.html.erb [4 times] (26.1ms)
  Rendered home/index.html.erb within layouts/application (266.5ms)
Completed 200 OK in 775ms (Views: 737.3ms | ActiveRecord: 3.6ms)


Started GET "/" for 127.0.0.1 at 2017-10-24 15:00:37 -0400
Processing by HomeController#index as HTML
  Rendering home/index.html.erb within layouts/application
  [1m[36mMovie Load (50.0ms)[0m  [1m[34mSELECT "movies".* FROM "movies"[0m
  Rendered collection of home/_movie.html.erb [12 times] (671.2ms)
  [1m[36mMovie Load (0.8ms)[0m  [1m[34mSELECT "movies".* FROM "movies" WHERE (release_year < 1995)[0m
  Rendered collection of home/_movie.html.erb [4 times] (23.7ms)
  Rendered home/index.html.erb within layouts/application (907.6ms)
Completed 200 OK in 1690ms (Views: 1598.1ms | ActiveRecord: 50.8ms)


Started GET "/" for 127.0.0.1 at 2017-10-24 15:03:19 -0400
Processing by HomeController#index as HTML
  Rendering home/index.html.erb within layouts/application
  [1m[36mMovie Load (7.5ms)[0m  [1m[34mSELECT "movies".* FROM "movies"[0m
  Rendered collection of home/_movie.html.erb [12 times] (95.7ms)
  [1m[36mMovie Load (24.4ms)[0m  [1m[34mSELECT "movies".* FROM "movies" WHERE (release_year < 1995)[0m
  Rendered collection of home/_movie.html.erb [4 times] (36.6ms)
  Rendered home/index.html.erb within layouts/application (284.1ms)
Completed 200 OK in 786ms (Views: 710.9ms | ActiveRecord: 31.9ms)


Started GET "/" for 127.0.0.1 at 2017-10-24 15:04:06 -0400
Processing by HomeController#index as HTML
  Rendering home/index.html.erb within layouts/application
  [1m[36mMovie Load (2.4ms)[0m  [1m[34mSELECT "movies".* FROM "movies"[0m
  Rendered collection of home/_movie.html.erb [12 times] (60.1ms)
  [1m[36mMovie Load (0.7ms)[0m  [1m[34mSELECT "movies".* FROM "movies" WHERE (release_year < 1995)[0m
  Rendered collection of home/_movie.html.erb [4 times] (5.4ms)
  Rendered home/index.html.erb within layouts/application (156.4ms)
Completed 200 OK in 431ms (Views: 342.7ms | ActiveRecord: 3.1ms)


Started GET "/" for 127.0.0.1 at 2017-10-24 15:06:43 -0400
Processing by HomeController#index as HTML
  Rendering home/index.html.erb within layouts/application
  [1m[36mMovie Load (2.4ms)[0m  [1m[34mSELECT "movies".* FROM "movies"[0m
  Rendered collection of home/_movie.html.erb [12 times] (247.0ms)
  [1m[36mMovie Load (0.6ms)[0m  [1m[34mSELECT "movies".* FROM "movies" WHERE (release_year < 1995)[0m
  Rendered collection of home/_movie.html.erb [4 times] (10.0ms)
  Rendered home/index.html.erb within layouts/application (427.5ms)
Completed 200 OK in 634ms (Views: 572.0ms | ActiveRecord: 3.0ms)


Started GET "/" for 127.0.0.1 at 2017-10-24 15:09:08 -0400
Processing by HomeController#index as HTML
  Rendering home/index.html.erb within layouts/application
  [1m[36mMovie Load (3.2ms)[0m  [1m[34mSELECT "movies".* FROM "movies"[0m
  Rendered collection of home/_movie.html.erb [12 times] (341.8ms)
  [1m[36mMovie Load (4.1ms)[0m  [1m[34mSELECT "movies".* FROM "movies" WHERE (release_year < 1995)[0m
  Rendered collection of home/_movie.html.erb [4 times] (27.0ms)
  Rendered home/index.html.erb within layouts/application (463.0ms)
Completed 200 OK in 712ms (Views: 648.4ms | ActiveRecord: 7.3ms)


Started GET "/" for 127.0.0.1 at 2017-10-24 15:10:07 -0400
Processing by HomeController#index as HTML
  Rendering home/index.html.erb within layouts/application
  [1m[36mMovie Load (1.8ms)[0m  [1m[34mSELECT "movies".* FROM "movies"[0m
  Rendered collection of home/_movie.html.erb [12 times] (145.4ms)
  [1m[36mMovie Load (0.6ms)[0m  [1m[34mSELECT "movies".* FROM "movies" WHERE (release_year < 1995)[0m
  Rendered collection of home/_movie.html.erb [4 times] (51.0ms)
  Rendered home/index.html.erb within layouts/application (271.8ms)
Completed 200 OK in 829ms (Views: 768.8ms | ActiveRecord: 2.4ms)


Started GET "/" for 127.0.0.1 at 2017-10-24 15:10:43 -0400
Processing by HomeController#index as HTML
  Rendering home/index.html.erb within layouts/application
  [1m[36mMovie Load (1.6ms)[0m  [1m[34mSELECT "movies".* FROM "movies"[0m
  Rendered collection of home/_movie.html.erb [12 times] (262.9ms)
  [1m[36mMovie Load (0.6ms)[0m  [1m[34mSELECT "movies".* FROM "movies" WHERE (release_year < 1995)[0m
  Rendered collection of home/_movie.html.erb [4 times] (33.5ms)
  Rendered home/index.html.erb within layouts/application (434.0ms)
Completed 200 OK in 880ms (Views: 812.5ms | ActiveRecord: 2.2ms)


Started GET "/" for 127.0.0.1 at 2017-10-24 15:11:48 -0400
Processing by HomeController#index as HTML
  Rendering home/index.html.erb within layouts/application
  [1m[36mMovie Load (3.0ms)[0m  [1m[34mSELECT "movies".* FROM "movies"[0m
  Rendered collection of home/_movie.html.erb [12 times] (86.3ms)
  [1m[36mMovie Load (2.3ms)[0m  [1m[34mSELECT "movies".* FROM "movies" WHERE (release_year < 1995)[0m
  Rendered collection of home/_movie.html.erb [4 times] (29.3ms)
  Rendered home/index.html.erb within layouts/application (198.4ms)
Completed 200 OK in 598ms (Views: 551.8ms | ActiveRecord: 5.2ms)


Started GET "/" for 127.0.0.1 at 2017-10-24 15:13:20 -0400
Processing by HomeController#index as HTML
  Rendering home/index.html.erb within layouts/application
  [1m[36mMovie Load (1.6ms)[0m  [1m[34mSELECT "movies".* FROM "movies"[0m
  Rendered collection of home/_movie.html.erb [12 times] (71.1ms)
  [1m[36mMovie Load (0.3ms)[0m  [1m[34mSELECT "movies".* FROM "movies" WHERE (release_year < 1995)[0m
  Rendered collection of home/_movie.html.erb [4 times] (13.5ms)
  Rendered home/index.html.erb within layouts/application (125.8ms)
Completed 200 OK in 315ms (Views: 283.8ms | ActiveRecord: 1.9ms)


Started GET "/" for 127.0.0.1 at 2017-10-24 15:13:56 -0400
Processing by HomeController#index as HTML
  Rendering home/index.html.erb within layouts/application
  [1m[36mMovie Load (4.8ms)[0m  [1m[34mSELECT "movies".* FROM "movies"[0m
  Rendered collection of home/_movie.html.erb [12 times] (208.9ms)
  [1m[36mMovie Load (0.5ms)[0m  [1m[34mSELECT "movies".* FROM "movies" WHERE (release_year < 1995)[0m
  Rendered collection of home/_movie.html.erb [4 times] (40.2ms)
  Rendered home/index.html.erb within layouts/application (390.9ms)
Completed 200 OK in 738ms (Views: 619.8ms | ActiveRecord: 5.3ms)


  [1m[35m (1.3ms)[0m  [1m[34mSELECT "schema_migrations"."version" FROM "schema_migrations" ORDER BY "schema_migrations"."version" ASC[0m
  [1m[36mActiveRecord::InternalMetadata Load (1.6ms)[0m  [1m[34mSELECT  "ar_internal_metadata".* FROM "ar_internal_metadata" WHERE "ar_internal_metadata"."key" = ? LIMIT ?[0m  [["key", "environment"], ["LIMIT", 1]]
  [1m[35m (0.1ms)[0m  [1m[36mbegin transaction[0m
  [1m[35m (0.2ms)[0m  [1m[36mcommit transaction[0m
  [1m[35m (0.1ms)[0m  [1m[34mSELECT "schema_migrations"."version" FROM "schema_migrations" ORDER BY "schema_migrations"."version" ASC[0m
Started GET "/" for 127.0.0.1 at 2018-01-09 14:34:43 -0500
  [1m[35m (0.1ms)[0m  [1m[34mSELECT "schema_migrations"."version" FROM "schema_migrations" ORDER BY "schema_migrations"."version" ASC[0m
Processing by HomeController#index as HTML
  Rendering home/index.html.erb within layouts/application
  [1m[36mMovie Load (1.6ms)[0m  [1m[34mSELECT "movies".* FROM "movies"[0m
  Rendered collection of home/_movie.html.erb [12 times] (19.3ms)
  [1m[36mMovie Load (0.2ms)[0m  [1m[34mSELECT "movies".* FROM "movies" WHERE (release_year < 1995)[0m
  Rendered collection of home/_movie.html.erb [4 times] (1.5ms)
  Rendered home/index.html.erb within layouts/application (766.2ms)
Completed 200 OK in 847ms (Views: 829.7ms | ActiveRecord: 2.6ms)


